   1               		.file	"restart_microcontroller.c"
   2               	__SREG__ = 0x3f
   3               	__SP_H__ = 0x3e
   4               	__SP_L__ = 0x3d
   5               	__CCP__  = 0x34
   6               	__tmp_reg__ = 0
   7               	__zero_reg__ = 1
  15               	.Ltext0:
  16               	.global	Restart_microcontroller
  18               	Restart_microcontroller:
  19               	.LFB2:
  20               	.LM1:
  21               	/* prologue: function */
  22               	/* frame size = 0 */
  23               	.LM2:
  24               	/* #APP */
  25               	 ;  5 "restart_microcontroller.c" 1
  26 0000 F894      		cli
  27               	 ;  0 "" 2
  28               	.LM3:
  29               	 ;  6 "restart_microcontroller.c" 1
  30 0002 0C94 0000 		jmp 0
  31               	 ;  0 "" 2
  32               	/* epilogue start */
  33               	.LM4:
  34               	/* #NOAPP */
  35 0006 0895      		ret
  36               	.LFE2:
  62               	.Letext0:
DEFINED SYMBOLS
                            *ABS*:00000000 restart_microcontroller.c
C:\Users\slawekherok\AppData\Local\Temp/ccEkhTRP.s:2      *ABS*:0000003f __SREG__
C:\Users\slawekherok\AppData\Local\Temp/ccEkhTRP.s:3      *ABS*:0000003e __SP_H__
C:\Users\slawekherok\AppData\Local\Temp/ccEkhTRP.s:4      *ABS*:0000003d __SP_L__
C:\Users\slawekherok\AppData\Local\Temp/ccEkhTRP.s:5      *ABS*:00000034 __CCP__
C:\Users\slawekherok\AppData\Local\Temp/ccEkhTRP.s:6      *ABS*:00000000 __tmp_reg__
C:\Users\slawekherok\AppData\Local\Temp/ccEkhTRP.s:7      *ABS*:00000001 __zero_reg__
C:\Users\slawekherok\AppData\Local\Temp/ccEkhTRP.s:18     .text:00000000 Restart_microcontroller

NO UNDEFINED SYMBOLS
